{"uid":"eea963e84db92dc","name":"loginWithJsonData","fullName":"LoginTest.loginWithJsonData","historyId":"236ca0a4e7f362978721b2097518b68","time":{"start":1759415579775,"stop":1759415579777,"duration":2},"status":"broken","statusMessage":"java.io.FileNotFoundException: src\\main\\java\\utilies\\data.json (The system cannot find the path specified)","statusTrace":"java.lang.RuntimeException: java.io.FileNotFoundException: src\\main\\java\\utilies\\data.json (The system cannot find the path specified)\r\n\tat org.testng.internal.invokers.MethodInvocationHelper.invokeMethodNoCheckedException(MethodInvocationHelper.java:58)\r\n\tat org.testng.internal.invokers.MethodInvocationHelper.invokeDataProvider(MethodInvocationHelper.java:159)\r\n\tat org.testng.internal.Parameters.handleParameters(Parameters.java:809)\r\n\tat org.testng.internal.Parameters.handleParameters(Parameters.java:734)\r\n\tat org.testng.internal.invokers.ParameterHandler.handleParameters(ParameterHandler.java:72)\r\n\tat org.testng.internal.invokers.ParameterHandler.createParameters(ParameterHandler.java:51)\r\n\tat org.testng.internal.invokers.TestInvoker$MethodInvocationAgent.invoke(TestInvoker.java:946)\r\n\tat org.testng.internal.invokers.TestInvoker.invokeTestMethods(TestInvoker.java:203)\r\n\tat org.testng.internal.invokers.TestMethodWorker.invokeTestMethods(TestMethodWorker.java:154)\r\n\tat org.testng.internal.invokers.TestMethodWorker.run(TestMethodWorker.java:134)\r\n\tat java.base/java.util.ArrayList.forEach(ArrayList.java:1604)\r\n\tat org.testng.TestRunner.privateRun(TestRunner.java:739)\r\n\tat org.testng.TestRunner.run(TestRunner.java:614)\r\n\tat org.testng.SuiteRunner.runTest(SuiteRunner.java:421)\r\n\tat org.testng.SuiteRunner.runSequentially(SuiteRunner.java:413)\r\n\tat org.testng.SuiteRunner.privateRun(SuiteRunner.java:373)\r\n\tat org.testng.SuiteRunner.run(SuiteRunner.java:312)\r\n\tat org.testng.SuiteRunnerWorker.runSuite(SuiteRunnerWorker.java:52)\r\n\tat org.testng.SuiteRunnerWorker.run(SuiteRunnerWorker.java:95)\r\n\tat org.testng.TestNG.runSuitesSequentially(TestNG.java:1274)\r\n\tat org.testng.TestNG.runSuitesLocally(TestNG.java:1208)\r\n\tat org.testng.TestNG.runSuites(TestNG.java:1112)\r\n\tat org.testng.TestNG.run(TestNG.java:1079)\r\n\tat com.intellij.rt.testng.IDEARemoteTestNG.run(IDEARemoteTestNG.java:65)\r\n\tat com.intellij.rt.testng.RemoteTestNGStarter.main(RemoteTestNGStarter.java:105)\r\nCaused by: java.io.FileNotFoundException: src\\main\\java\\utilies\\data.json (The system cannot find the path specified)\r\n\tat java.base/java.io.FileInputStream.open0(Native Method)\r\n\tat java.base/java.io.FileInputStream.open(FileInputStream.java:185)\r\n\tat java.base/java.io.FileInputStream.<init>(FileInputStream.java:139)\r\n\tat java.base/java.io.FileInputStream.<init>(FileInputStream.java:109)\r\n\tat java.base/java.io.FileReader.<init>(FileReader.java:60)\r\n\tat utilities.JsonFileManager.<init>(JsonFileManager.java:17)\r\n\tat Base.loginDataProvider(Base.java:42)\r\n\tat java.base/jdk.internal.reflect.DirectMethodHandleAccessor.invoke(DirectMethodHandleAccessor.java:104)\r\n\tat java.base/java.lang.reflect.Method.invoke(Method.java:565)\r\n\tat org.testng.internal.invokers.MethodInvocationHelper.invokeMethod(MethodInvocationHelper.java:141)\r\n\tat org.testng.internal.invokers.MethodInvocationHelper.invokeMethod(MethodInvocationHelper.java:86)\r\n\tat org.testng.internal.invokers.MethodInvocationHelper.invokeMethodNoCheckedException(MethodInvocationHelper.java:54)\r\n\t... 24 more\r\n","flaky":false,"newFailed":false,"newBroken":false,"newPassed":false,"retriesCount":5,"retriesStatusChange":false,"beforeStages":[],"afterStages":[],"labels":[{"name":"package","value":"LoginTest"},{"name":"testClass","value":"LoginTest"},{"name":"testMethod","value":"loginWithJsonData"},{"name":"parentSuite","value":"Default Suite"},{"name":"suite","value":"BaraBank"},{"name":"subSuite","value":"LoginTest"},{"name":"host","value":"DESKTOP-9UOA2JC"},{"name":"thread","value":"10312@DESKTOP-9UOA2JC.main(3)"},{"name":"framework","value":"testng"},{"name":"language","value":"java"},{"name":"resultFormat","value":"allure2"}],"parameters":[],"links":[],"hidden":false,"retry":false,"extra":{"severity":"normal","retries":[{"uid":"ae932dee944fac22","status":"broken","statusDetails":"com.google.gson.JsonSyntaxException: com.google.gson.stream.MalformedJsonException: Unterminated object at line 13 column 21 path $[11].\nSee https://github.com/google/gson/blob/main/Troubleshooting.md#malformed-json","time":{"start":1759347197211,"stop":1759347197214,"duration":3}},{"uid":"c1ced4537e15a604","status":"broken","statusDetails":"java.io.FileNotFoundException: src\\test\\resources\\loginData.json (The system cannot find the file specified)","time":{"start":1759264640016,"stop":1759264640019,"duration":3}},{"uid":"4d9dbfcdb82d0460","status":"broken","statusDetails":"com.google.gson.JsonSyntaxException: java.lang.IllegalStateException: Expected BEGIN_ARRAY but was BEGIN_OBJECT at line 1 column 2 path $\nSee https://github.com/google/gson/blob/main/Troubleshooting.md#unexpected-json-structure","time":{"start":1759260819869,"stop":1759260819872,"duration":3}},{"uid":"400d0b6286df1388","status":"broken","statusDetails":"java.lang.NullPointerException: Cannot invoke \"java.net.URL.getPath()\" because the return value of \"java.lang.ClassLoader.getResource(String)\" is null","time":{"start":1759260788872,"stop":1759260788874,"duration":2}},{"uid":"78ff4d7e6f0f3b1e","status":"broken","statusDetails":"java.lang.NullPointerException: Cannot invoke \"java.net.URL.getPath()\" because the return value of \"java.lang.ClassLoader.getResource(String)\" is null","time":{"start":1759260735140,"stop":1759260735142,"duration":2}}],"categories":[{"name":"Test defects","matchedStatuses":[]}],"tags":[]},"source":"eea963e84db92dc.json","parameterValues":[]}